<?xml version="1.0" encoding="UTF-8"?>
<testng-results ignored="0" total="1" passed="1" failed="0" skipped="0">
  <reporter-output>
  </reporter-output>
  <suite started-at="2026-04-13T09:02:18 IST" name="Default suite" finished-at="2026-04-13T09:02:49 IST" duration-ms="30253">
    <groups>
    </groups>
    <test started-at="2026-04-13T09:02:18 IST" name="Default test" finished-at="2026-04-13T09:02:49 IST" duration-ms="30253">
      <class name="com.mvn.ScrollDemo">
        <test-method is-config="true" signature="test()[pri:0, instance:com.mvn.ScrollDemo@6c64cb25]" started-at="2026-04-13T09:02:18 IST" name="test" finished-at="2026-04-13T09:02:37 IST" duration-ms="18245" status="PASS">
          <reporter-output>
          </reporter-output>
        </test-method> <!-- test -->
        <test-method signature="scroll()[pri:0, instance:com.mvn.ScrollDemo@6c64cb25]" started-at="2026-04-13T09:02:37 IST" name="scroll" finished-at="2026-04-13T09:02:49 IST" duration-ms="11950" status="PASS">
          <reporter-output>
          </reporter-output>
        </test-method> <!-- scroll -->
      </class> <!-- com.mvn.ScrollDemo -->
    </test> <!-- Default test -->
  </suite> <!-- Default suite -->
</testng-results>
