<?xml version="1.0" encoding="UTF-8"?>
<testng-results ignored="0" total="1" passed="1" failed="0" skipped="0">
  <reporter-output>
  </reporter-output>
  <suite started-at="2026-04-15T09:06:18 IST" name="Default suite" finished-at="2026-04-15T09:06:45 IST" duration-ms="27746">
    <groups>
    </groups>
    <test started-at="2026-04-15T09:06:18 IST" name="Default test" finished-at="2026-04-15T09:06:45 IST" duration-ms="27746">
      <class name="com.mvn.LongPress">
        <test-method is-config="true" signature="test()[pri:0, instance:com.mvn.LongPress@2d7275fc]" started-at="2026-04-15T09:06:18 IST" name="test" finished-at="2026-04-15T09:06:31 IST" duration-ms="13374" status="PASS">
          <reporter-output>
          </reporter-output>
        </test-method> <!-- test -->
        <test-method signature="lp()[pri:0, instance:com.mvn.LongPress@2d7275fc]" started-at="2026-04-15T09:06:31 IST" name="lp" finished-at="2026-04-15T09:06:45 IST" duration-ms="14294" status="PASS">
          <reporter-output>
          </reporter-output>
        </test-method> <!-- lp -->
      </class> <!-- com.mvn.LongPress -->
    </test> <!-- Default test -->
  </suite> <!-- Default suite -->
</testng-results>
